make.exe all --print-data-base --no-builtin-variables --no-builtin-rules --question
# GNU Make 4.2.1
# Built for Windows32
# Copyright (C) 1988-2016 Free Software Foundation, Inc.
# License GPLv3+: GNU GPL version 3 or later <http://gnu.org/licenses/gpl.html>
# This is free software: you are free to change and redistribute it.
# There is NO WARRANTY, to the extent permitted by law.

# Make data base, printed on Sun Jul 31 13:49:17 2022

# Variables

# 'override' directive
GNUMAKEFLAGS := 
# automatic
<D = $(patsubst %/,%,$(patsubst %\,%,$(dir $<)))
# automatic
?F = $(notdir $?)
# default
.SHELLFLAGS := -c
# makefile
MAKEFLAGS = pqrR
# makefile (from 'Makefile', line 7)
TARGET = main
# automatic
?D = $(patsubst %/,%,$(patsubst %\,%,$(dir $?)))
# makefile (from 'Makefile', line 2)
CPPFLAGS = 
# automatic
@D = $(patsubst %/,%,$(patsubst %\,%,$(dir $@)))
# environment
HOMEDRIVE = C:
# aut 
omatic
@F = $(notdir $@)
# automatic
^D = $(patsubst %/,%,$(patsubst %\,%,$(dir $^)))
# makefile
CURDIR := d:/Code/Render
# default
SHELL := sh.exe
# environment
WINDIR = C:\Windows
# environment
VSCODE_NLS_CONFIG = {"locale":"zh-cn","availableLanguages":{"*":"zh-cn"},"_languagePackId":"1d735750dbb1b9066c7513078396ba0f.zh-cn","_translationsConfigFile":"C:\\Users\\wangwei\\AppData\\Roaming\\Code\\clp\\1d735750dbb1b9066c7513078396ba0f.zh-cn\\tcf.json","_cacheRoot":"C:\\Users\\wangwei\\AppData\\Roaming\\Code\\clp\\1d735750dbb1b9066c7513078396ba0f.zh-cn","_resolvedLanguagePackCoreLocation":"C:\\Users\\wangwei\\AppData\\Roaming\\Code\\clp\\1d735750dbb1b9066c7513078396ba0f.zh-cn\\3b889b090b5ad5793f524b5d1d39fda662b96a2a","_corruptedFile":"C:\\Users\\wangwei\\AppData\\Roaming\\Code\\clp\\1d735750dbb1b9066c7513078396ba0f.zh-cn\\corrupted.info","_languagePackSupport":true}
# environment
VBOX_MSI_INSTALL_PATH = D:\Virtual Machine\Vitrual Box\
# environment
ONEDRIVE = C:\Users\wangwei\OneDrive
# environment
PATHEXT = .COM;.EXE;.BAT;.CMD;.VBS;.VBE;.JS;.JSE;.WSF;.WSH;.MSC;.PY;.PYW
# makefile (from 'Makefile', line 1)
MAKEFILE_LIST :=  Makefile
# environment
TMP = C:\Users\wangwei\AppData\Local\Temp
# environment
PROGRAMW6432 = C:\Program Files
# environment
PROGRAMDATA = C:\ProgramData
# environment
VSCODE_CWD = D:\Application\Microsoft VS Code
# environment
OPENCV_DIR = D:\Library\opencv\sources\build\install
# environment
EIGEN3_INCLUDE_DIR = C:\Program Files (x86)\Eigen3\include
# environment
PATH = D:\Application\ImageMagick-7.1.0-Q16-HDRI;C:\Windows\system32;C:\Windows;C:\Windows\System32\Wbem;C:\Windows\System32\WindowsPowerShell\v1.0\;C:\Windows\System32\OpenSSH\;D:\Library\Python\Python39\;D:\Library\Mingw\bin;C:\Program Files\NVIDIA Corporation\NVIDIA NvDLISR;C:\Program Files (x86)\NVIDIA Corporation\PhysX\Common;D:\Library\Python\Python39\Scripts\;D:\Library\Python\Python39\python.exe;D:\Library\Cmake\bin;D:\Library\opencv\sources\build\bin;D:\Application\Git\cmd;%USERPROFILE%\AppData\Local\Microsoft\WindowsApps;D:\Application\Microsoft VS Code\bin;C:\Program Files (x86)\Tencent\QQGameTempest\Hall.57795\
# environment
COMMONPROGRAMW6432 = C:\Program Files\Common Files
# environment
PROCESSOR_ARCHITECTURE = AMD64
# environment
USERPROFILE = C:\Users\wangwei
# environment
ALLUSERSPROFILE = C:\ProgramData
# environment
NUMBER_OF_PROCESSORS = 12
# environment
ELECTRON_RUN_AS_NODE = 1
# makefile (from 'Makefile', line 3)
LDFLAGS = 
# default
.FEATURES := target-specific order-only second-expansion else-if shortest-stem undefine oneshell archives jobserver output-sync load
# automatic
%F = $(notdir $%)
# environment
CHROME_CRASHPAD_PIPE_NAME = \\.\pipe\crashpad_16492_IFUOTJJAVUGYNSFE
# environment
COMPUTERNAME = DESKTOP-2FIJ3P8
# environment
PROGRAMFILES = C:\Program Files
# default
.LOADED := 
# environment
DRIVERDATA = C:\Windows\System32\Drivers\DriverData
# environment
ORIGINAL_XDG_CURRENT_DESKTOP = undefined
# environment
USERNAME = wangwei
# environment
PUBLIC = C:\Users\Public
# environment
VSCODE_AMD_ENTRYPOINT = vs/workbench/api/node/extensionHostProcess
# environment
VSCODE_CODE_CACHE_PATH = C:\Users\wangwei\AppData\Roaming\Code\CachedData\3b889b090b5ad5793f524b5d1d39fda662b96a2a
# environment
APPLICATION_INSIGHTS_NO_DIAGNOSTIC_CHANNEL = 1
# environment
COMMONPROGRAMFILES = C:\Program Files\Common Files
# environment
LOGONSERVER = \\DESKTOP-2FIJ3P8
# environment
VSCODE_HANDLES_UNCAUGHT_ERRORS = true
# environment
USERDOMAIN = DESKTOP-2FIJ3P8
# environment
MAKELEVEL := 0
# default
MAKE = $(MAKE_COMMAND)
# default
MAKECMDGOALS := all
# default
MAKE_VERSION := 4.2.1
# makefile
.DEFAULT_GOAL := all
# makefile (from 'Makefile', line 6)
DESTDIR = ./
# environment
PROGRAMFILES(X86) = C:\Program Files (x86)
# automatic
%D = $(patsubst %/,%,$(patsubst %\,%,$(dir $%)))
# environment
LOCALAPPDATA = C:\Users\wangwei\AppData\Local
# environment
PSMODULEPATH = C:\Program Files\WindowsPowerShell\Modules;C:\Windows\system32\WindowsPowerShell\v1.0\Modules
# default
MAKE_COMMAND := make.exe
# default
.VARIABLES := 
# automatic
*F = $(notdir $*)
# environment
PROCESSOR_IDENTIFIER = Intel64 Family 6 Model 151 Stepping 5, GenuineIntel
# environment
OS = Windows_NT
# environment
VSCODE_IPC_HOOK = \\.\pipe\afa55adc5fed3c9156fa76ef4db0e3c2-1.69.2-main-sock
# environment
HOMEPATH = \Users\wangwei
# environment
COMMONPROGRAMFILES(X86) = C:\Program Files (x86)\Common Files
# environment
PROMPT = $P$G
# environment
MFLAGS = -pqrR
# automatic
*D = $(patsubst %/,%,$(patsubst %\,%,$(dir $*)))
# environment
SYSTEMROOT = C:\Windows
# automatic
+D = $(patsubst %/,%,$(patsubst %\,%,$(dir $+)))
# automatic
+F = $(notdir $+)
# environment
APPDATA = C:\Users\wangwei\AppData\Roaming
# environment
TEMP = C:\Users\wangwei\AppData\Local\Temp
# environment
COMSPEC = C:\Windows\system32\cmd.exe
# makefile (from 'Makefile', line 1)
SYSCONF_LINK = g++
# default
MAKEFILES := 
# automatic
<F = $(notdir $<)
# environment
LC_ALL = C
# makefile (from 'Makefile', line 4)
LIBS = -lm
# automatic
^F = $(notdir $^)
# default
SUFFIXES := 
# environment
SYSTEMDRIVE = C:
# environment
SESSIONNAME = Console
# environment
PROCESSOR_REVISION = 9705
# default
.INCLUDE_DIRS = .
# default
.RECIPEPREFIX := 
# makefile (from 'Makefile', line 9)
OBJECTS := main.o model.o tgaimage.o
# default
MAKE_HOST := Windows32
# environment
LANG = C
# environment
PROCESSOR_LEVEL = 6
# environment
VSCODE_PID = 16492
# environment
USERDOMAIN_ROAMINGPROFILE = DESKTOP-2FIJ3P8
# variable set hash-table stats:
# Load=96/1024=9%, Rehash=0, Collisions=16/133=12%

# Pattern-specific Variable Values

# No pattern-specific variable values.

# Directories

# . (key d:/Code/Render, mtime 1659246075): 18 files, no impossibilities.

# 18 files, no impossibilities in 1 directories.

# Implicit Rules

# No implicit rules.

# Files

all: main
#  Command line target.
#  Implicit rule search has been done.
#  File does not exist.
#  File has been updated.
#  Needs to be updated (-q is set).
# variable set hash-table stats:
# Load=0/32=0%, Rehash=0, Collisions=0/9=0%

# Not a target:
.SUFFIXES:
#  Implicit rule search has not been done.
#  Modification time never checked.
#  File has not been updated.

# Not a target:
Makefile:
#  Implicit rule search has been done.
#  Last modified 2015-01-17 23:50:48
#  File has been updated.
#  Successfully updated.

# Not a target:
main.cpp:
#  Implicit rule search has been done.
#  Last modified 2022-07-31 13:07:55
#  File has been updated.
#  Successfully updated.

# Not a target:
tgaimage.cpp:
#  Implicit rule search has been done.
#  Last modified 2015-01-17 23:50:48
#  File has been updated.
#  Successfully updated.

# Not a target:
model.cpp:
#  Implicit rule search has been done.
#  Last modified 2015-01-17 23:50:48
#  File has been updated.
#  Successfully updated.

# Not a target:
.DEFAULT:
#  Implicit rule search has not been done.
#  Modification time never checked.
#  File has not been updated.

clean:
#  Implicit rule search has not been done.
#  Modification time never checked.
#  File has not been updated.
#  recipe to execute (from 'Makefile', line 20):
	-rm -f $(OBJECTS)
	-rm -f $(TARGET)
	-rm -f *.tga

main: main.o model.o tgaimage.o
#  Implicit rule search has not been done.
#  Implicit/static pattern stem: ''
#  File does not exist.
#  File has been updated.
#  Needs to be updated (-q is set).
# automatic
# @ := main
# automatic
# % := 
# automatic
# * := 
# automatic
# + := main.o model.o tgaimage.o
# automatic
# | := 
# automatic
# < := main.o
# automatic
# ^ := main.o model.o tgaimage.o
# automatic
# ? := main.o model.o tgaimage.o
# variable set hash-table stats:
# Load=8/32=25%, Rehash=0, Collisions=2/17=12%
#  recipe to execute (from 'Makefile', line 14):
	$(SYSCONF_LINK) -Wall $(LDFLAGS) -o $(DESTDIR)$(TARGET) $(OBJECTS) $(LIBS)

main.o: main.cpp
#  Implicit rule search has not been done.
#  Implicit/static pattern stem: 'main'
#  Last modified 2022-07-31 13:10:29
#  File has been updated.
#  Successfully updated.
#  recipe to execute (from 'Makefile', line 17):
	$(SYSCONF_LINK) -Wall $(CPPFLAGS) -c $(CFLAGS) $< -o $@

tgaimage.o: tgaimage.cpp
#  Implicit rule search has not been done.
#  Implicit/static pattern stem: 'tgaimage'
#  Last modified 2022-07-31 13:10:30
#  File has been updated.
#  Successfully updated.
#  recipe to execute (from 'Makefile', line 17):
	$(SYSCONF_LINK) -Wall $(CPPFLAGS) -c $(CFLAGS) $< -o $@

model.o: model.cpp
#  Implicit rule search has not been done.
#  Implicit/static pattern stem: 'model'
#  Last modified 2022-07-31 13:10:29
#  File has been updated.
#  Successfully updated.
#  recipe to execute (from 'Makefile', line 17):
	$(SYSCONF_LINK) -Wall $(CPPFLAGS) -c $(CFLAGS) $< -o $@

# files hash-table stats:
# Load=12/1024=1%, Rehash=0, Collisions=0/35=0%
# VPATH Search Paths

# No 'vpath' search paths.

# No general ('VPATH' variable) search path.

# strcache buffers: 1 (0) / strings = 27 / storage = 204 B / avg = 7 B
# current buf: size = 8162 B / used = 204 B / count = 27 / avg = 7 B

# strcache performance: lookups = 50 / hit rate = 46%
# hash-table stats:
# Load=27/8192=0%, Rehash=0, Collisions=1/50=2%
# Finished Make data base on Sun Jul 31 13:49:17 2022

 
